[2023-09-17 13:14:35,657] ERROR Internal Server Error: /6 /Users/nikita/PycharmProjects/ekbDz/venv/lib/python3.10/site-packages/django/utils/log.py
(<class 'django.template.exceptions.TemplateSyntaxError'>, TemplateSyntaxError('censor requires 1 arguments, 2 provided'), <traceback object at 0x11215f000>)
Traceback (most recent call last):
  File "/Users/nikita/PycharmProjects/ekbDz/venv/lib/python3.10/site-packages/django/core/handlers/exception.py", line 55, in inner
    response = get_response(request)
  File "/Users/nikita/PycharmProjects/ekbDz/venv/lib/python3.10/site-packages/django/core/handlers/base.py", line 220, in _get_response
    response = response.render()
  File "/Users/nikita/PycharmProjects/ekbDz/venv/lib/python3.10/site-packages/django/template/response.py", line 114, in render
    self.content = self.rendered_content
  File "/Users/nikita/PycharmProjects/ekbDz/venv/lib/python3.10/site-packages/django/template/response.py", line 90, in rendered_content
    template = self.resolve_template(self.template_name)
  File "/Users/nikita/PycharmProjects/ekbDz/venv/lib/python3.10/site-packages/django/template/response.py", line 72, in resolve_template
    return select_template(template, using=self.using)
  File "/Users/nikita/PycharmProjects/ekbDz/venv/lib/python3.10/site-packages/django/template/loader.py", line 42, in select_template
    return engine.get_template(template_name)
  File "/Users/nikita/PycharmProjects/ekbDz/venv/lib/python3.10/site-packages/django/template/backends/django.py", line 33, in get_template
    return Template(self.engine.get_template(template_name), self)
  File "/Users/nikita/PycharmProjects/ekbDz/venv/lib/python3.10/site-packages/django/template/engine.py", line 175, in get_template
    template, origin = self.find_template(template_name)
  File "/Users/nikita/PycharmProjects/ekbDz/venv/lib/python3.10/site-packages/django/template/engine.py", line 157, in find_template
    template = loader.get_template(name, skip=skip)
  File "/Users/nikita/PycharmProjects/ekbDz/venv/lib/python3.10/site-packages/django/template/loaders/cached.py", line 57, in get_template
    template = super().get_template(template_name, skip)
  File "/Users/nikita/PycharmProjects/ekbDz/venv/lib/python3.10/site-packages/django/template/loaders/base.py", line 28, in get_template
    return Template(
  File "/Users/nikita/PycharmProjects/ekbDz/venv/lib/python3.10/site-packages/django/template/base.py", line 154, in __init__
    self.nodelist = self.compile_nodelist()
  File "/Users/nikita/PycharmProjects/ekbDz/venv/lib/python3.10/site-packages/django/template/base.py", line 200, in compile_nodelist
    return parser.parse()
  File "/Users/nikita/PycharmProjects/ekbDz/venv/lib/python3.10/site-packages/django/template/base.py", line 513, in parse
    raise self.error(token, e)
  File "/Users/nikita/PycharmProjects/ekbDz/venv/lib/python3.10/site-packages/django/template/base.py", line 511, in parse
    compiled_result = compile_func(self, token)
  File "/Users/nikita/PycharmProjects/ekbDz/venv/lib/python3.10/site-packages/django/template/loader_tags.py", line 293, in do_extends
    nodelist = parser.parse()
  File "/Users/nikita/PycharmProjects/ekbDz/venv/lib/python3.10/site-packages/django/template/base.py", line 513, in parse
    raise self.error(token, e)
  File "/Users/nikita/PycharmProjects/ekbDz/venv/lib/python3.10/site-packages/django/template/base.py", line 511, in parse
    compiled_result = compile_func(self, token)
  File "/Users/nikita/PycharmProjects/ekbDz/venv/lib/python3.10/site-packages/django/template/loader_tags.py", line 232, in do_block
    nodelist = parser.parse(("endblock",))
  File "/Users/nikita/PycharmProjects/ekbDz/venv/lib/python3.10/site-packages/django/template/base.py", line 484, in parse
    raise self.error(token, e)
  File "/Users/nikita/PycharmProjects/ekbDz/venv/lib/python3.10/site-packages/django/template/base.py", line 482, in parse
    filter_expression = self.compile_filter(token.contents)
  File "/Users/nikita/PycharmProjects/ekbDz/venv/lib/python3.10/site-packages/django/template/base.py", line 600, in compile_filter
    return FilterExpression(token, self)
  File "/Users/nikita/PycharmProjects/ekbDz/venv/lib/python3.10/site-packages/django/template/base.py", line 699, in __init__
    self.args_check(filter_name, filter_func, args)
  File "/Users/nikita/PycharmProjects/ekbDz/venv/lib/python3.10/site-packages/django/template/base.py", line 761, in args_check
    raise TemplateSyntaxError(
django.template.exceptions.TemplateSyntaxError: censor requires 1 arguments, 2 provided
[2023-09-17 13:14:35,663] ERROR "GET /6 HTTP/1.1" 500 183622 /Users/nikita/PycharmProjects/ekbDz/venv/lib/python3.10/site-packages/django/core/servers/basehttp.py
None
[2023-09-17 13:17:22,256] ERROR Internal Server Error: /category/1 /Users/nikita/PycharmProjects/ekbDz/venv/lib/python3.10/site-packages/django/utils/log.py
(<class 'django.template.exceptions.TemplateSyntaxError'>, TemplateSyntaxError('censor requires 2 arguments, 1 provided'), <traceback object at 0x1057ecd00>)
Traceback (most recent call last):
  File "/Users/nikita/PycharmProjects/ekbDz/venv/lib/python3.10/site-packages/django/core/handlers/exception.py", line 55, in inner
    response = get_response(request)
  File "/Users/nikita/PycharmProjects/ekbDz/venv/lib/python3.10/site-packages/django/core/handlers/base.py", line 220, in _get_response
    response = response.render()
  File "/Users/nikita/PycharmProjects/ekbDz/venv/lib/python3.10/site-packages/django/template/response.py", line 114, in render
    self.content = self.rendered_content
  File "/Users/nikita/PycharmProjects/ekbDz/venv/lib/python3.10/site-packages/django/template/response.py", line 92, in rendered_content
    return template.render(context, self._request)
  File "/Users/nikita/PycharmProjects/ekbDz/venv/lib/python3.10/site-packages/django/template/backends/django.py", line 61, in render
    return self.template.render(context)
  File "/Users/nikita/PycharmProjects/ekbDz/venv/lib/python3.10/site-packages/django/template/base.py", line 175, in render
    return self._render(context)
  File "/Users/nikita/PycharmProjects/ekbDz/venv/lib/python3.10/site-packages/django/template/base.py", line 167, in _render
    return self.nodelist.render(context)
  File "/Users/nikita/PycharmProjects/ekbDz/venv/lib/python3.10/site-packages/django/template/base.py", line 1005, in render
    return SafeString("".join([node.render_annotated(context) for node in self]))
  File "/Users/nikita/PycharmProjects/ekbDz/venv/lib/python3.10/site-packages/django/template/base.py", line 1005, in <listcomp>
    return SafeString("".join([node.render_annotated(context) for node in self]))
  File "/Users/nikita/PycharmProjects/ekbDz/venv/lib/python3.10/site-packages/django/template/base.py", line 966, in render_annotated
    return self.render(context)
  File "/Users/nikita/PycharmProjects/ekbDz/venv/lib/python3.10/site-packages/django/template/loader_tags.py", line 157, in render
    return compiled_parent._render(context)
  File "/Users/nikita/PycharmProjects/ekbDz/venv/lib/python3.10/site-packages/django/template/base.py", line 167, in _render
    return self.nodelist.render(context)
  File "/Users/nikita/PycharmProjects/ekbDz/venv/lib/python3.10/site-packages/django/template/base.py", line 1005, in render
    return SafeString("".join([node.render_annotated(context) for node in self]))
  File "/Users/nikita/PycharmProjects/ekbDz/venv/lib/python3.10/site-packages/django/template/base.py", line 1005, in <listcomp>
    return SafeString("".join([node.render_annotated(context) for node in self]))
  File "/Users/nikita/PycharmProjects/ekbDz/venv/lib/python3.10/site-packages/django/template/base.py", line 966, in render_annotated
    return self.render(context)
  File "/Users/nikita/PycharmProjects/ekbDz/venv/lib/python3.10/site-packages/django/template/loader_tags.py", line 63, in render
    result = block.nodelist.render(context)
  File "/Users/nikita/PycharmProjects/ekbDz/venv/lib/python3.10/site-packages/django/template/base.py", line 1005, in render
    return SafeString("".join([node.render_annotated(context) for node in self]))
  File "/Users/nikita/PycharmProjects/ekbDz/venv/lib/python3.10/site-packages/django/template/base.py", line 1005, in <listcomp>
    return SafeString("".join([node.render_annotated(context) for node in self]))
  File "/Users/nikita/PycharmProjects/ekbDz/venv/lib/python3.10/site-packages/django/template/base.py", line 966, in render_annotated
    return self.render(context)
  File "/Users/nikita/PycharmProjects/ekbDz/venv/lib/python3.10/site-packages/django/template/loader_tags.py", line 197, in render
    template = context.template.engine.select_template(template_name)
  File "/Users/nikita/PycharmProjects/ekbDz/venv/lib/python3.10/site-packages/django/template/engine.py", line 206, in select_template
    return self.get_template(template_name)
  File "/Users/nikita/PycharmProjects/ekbDz/venv/lib/python3.10/site-packages/django/template/engine.py", line 175, in get_template
    template, origin = self.find_template(template_name)
  File "/Users/nikita/PycharmProjects/ekbDz/venv/lib/python3.10/site-packages/django/template/engine.py", line 157, in find_template
    template = loader.get_template(name, skip=skip)
  File "/Users/nikita/PycharmProjects/ekbDz/venv/lib/python3.10/site-packages/django/template/loaders/cached.py", line 57, in get_template
    template = super().get_template(template_name, skip)
  File "/Users/nikita/PycharmProjects/ekbDz/venv/lib/python3.10/site-packages/django/template/loaders/base.py", line 28, in get_template
    return Template(
  File "/Users/nikita/PycharmProjects/ekbDz/venv/lib/python3.10/site-packages/django/template/base.py", line 154, in __init__
    self.nodelist = self.compile_nodelist()
  File "/Users/nikita/PycharmProjects/ekbDz/venv/lib/python3.10/site-packages/django/template/base.py", line 200, in compile_nodelist
    return parser.parse()
  File "/Users/nikita/PycharmProjects/ekbDz/venv/lib/python3.10/site-packages/django/template/base.py", line 513, in parse
    raise self.error(token, e)
  File "/Users/nikita/PycharmProjects/ekbDz/venv/lib/python3.10/site-packages/django/template/base.py", line 511, in parse
    compiled_result = compile_func(self, token)
  File "/Users/nikita/PycharmProjects/ekbDz/venv/lib/python3.10/site-packages/django/template/defaulttags.py", line 953, in do_if
    nodelist = parser.parse(("elif", "else", "endif"))
  File "/Users/nikita/PycharmProjects/ekbDz/venv/lib/python3.10/site-packages/django/template/base.py", line 513, in parse
    raise self.error(token, e)
  File "/Users/nikita/PycharmProjects/ekbDz/venv/lib/python3.10/site-packages/django/template/base.py", line 511, in parse
    compiled_result = compile_func(self, token)
  File "/Users/nikita/PycharmProjects/ekbDz/venv/lib/python3.10/site-packages/django/template/defaulttags.py", line 853, in do_for
    nodelist_loop = parser.parse(
  File "/Users/nikita/PycharmProjects/ekbDz/venv/lib/python3.10/site-packages/django/template/base.py", line 484, in parse
    raise self.error(token, e)
  File "/Users/nikita/PycharmProjects/ekbDz/venv/lib/python3.10/site-packages/django/template/base.py", line 482, in parse
    filter_expression = self.compile_filter(token.contents)
  File "/Users/nikita/PycharmProjects/ekbDz/venv/lib/python3.10/site-packages/django/template/base.py", line 600, in compile_filter
    return FilterExpression(token, self)
  File "/Users/nikita/PycharmProjects/ekbDz/venv/lib/python3.10/site-packages/django/template/base.py", line 699, in __init__
    self.args_check(filter_name, filter_func, args)
  File "/Users/nikita/PycharmProjects/ekbDz/venv/lib/python3.10/site-packages/django/template/base.py", line 761, in args_check
    raise TemplateSyntaxError(
django.template.exceptions.TemplateSyntaxError: censor requires 2 arguments, 1 provided
[2023-09-17 13:17:22,262] ERROR "GET /category/1 HTTP/1.1" 500 259720 /Users/nikita/PycharmProjects/ekbDz/venv/lib/python3.10/site-packages/django/core/servers/basehttp.py
None
[2023-09-17 13:18:57,253] ERROR Internal Server Error: /category/1 /Users/nikita/PycharmProjects/ekbDz/venv/lib/python3.10/site-packages/django/utils/log.py
(<class 'django.template.exceptions.TemplateSyntaxError'>, TemplateSyntaxError('censor requires 2 arguments, 1 provided'), <traceback object at 0x105829880>)
Traceback (most recent call last):
  File "/Users/nikita/PycharmProjects/ekbDz/venv/lib/python3.10/site-packages/django/core/handlers/exception.py", line 55, in inner
    response = get_response(request)
  File "/Users/nikita/PycharmProjects/ekbDz/venv/lib/python3.10/site-packages/django/core/handlers/base.py", line 220, in _get_response
    response = response.render()
  File "/Users/nikita/PycharmProjects/ekbDz/venv/lib/python3.10/site-packages/django/template/response.py", line 114, in render
    self.content = self.rendered_content
  File "/Users/nikita/PycharmProjects/ekbDz/venv/lib/python3.10/site-packages/django/template/response.py", line 92, in rendered_content
    return template.render(context, self._request)
  File "/Users/nikita/PycharmProjects/ekbDz/venv/lib/python3.10/site-packages/django/template/backends/django.py", line 61, in render
    return self.template.render(context)
  File "/Users/nikita/PycharmProjects/ekbDz/venv/lib/python3.10/site-packages/django/template/base.py", line 175, in render
    return self._render(context)
  File "/Users/nikita/PycharmProjects/ekbDz/venv/lib/python3.10/site-packages/django/template/base.py", line 167, in _render
    return self.nodelist.render(context)
  File "/Users/nikita/PycharmProjects/ekbDz/venv/lib/python3.10/site-packages/django/template/base.py", line 1005, in render
    return SafeString("".join([node.render_annotated(context) for node in self]))
  File "/Users/nikita/PycharmProjects/ekbDz/venv/lib/python3.10/site-packages/django/template/base.py", line 1005, in <listcomp>
    return SafeString("".join([node.render_annotated(context) for node in self]))
  File "/Users/nikita/PycharmProjects/ekbDz/venv/lib/python3.10/site-packages/django/template/base.py", line 966, in render_annotated
    return self.render(context)
  File "/Users/nikita/PycharmProjects/ekbDz/venv/lib/python3.10/site-packages/django/template/loader_tags.py", line 157, in render
    return compiled_parent._render(context)
  File "/Users/nikita/PycharmProjects/ekbDz/venv/lib/python3.10/site-packages/django/template/base.py", line 167, in _render
    return self.nodelist.render(context)
  File "/Users/nikita/PycharmProjects/ekbDz/venv/lib/python3.10/site-packages/django/template/base.py", line 1005, in render
    return SafeString("".join([node.render_annotated(context) for node in self]))
  File "/Users/nikita/PycharmProjects/ekbDz/venv/lib/python3.10/site-packages/django/template/base.py", line 1005, in <listcomp>
    return SafeString("".join([node.render_annotated(context) for node in self]))
  File "/Users/nikita/PycharmProjects/ekbDz/venv/lib/python3.10/site-packages/django/template/base.py", line 966, in render_annotated
    return self.render(context)
  File "/Users/nikita/PycharmProjects/ekbDz/venv/lib/python3.10/site-packages/django/template/loader_tags.py", line 63, in render
    result = block.nodelist.render(context)
  File "/Users/nikita/PycharmProjects/ekbDz/venv/lib/python3.10/site-packages/django/template/base.py", line 1005, in render
    return SafeString("".join([node.render_annotated(context) for node in self]))
  File "/Users/nikita/PycharmProjects/ekbDz/venv/lib/python3.10/site-packages/django/template/base.py", line 1005, in <listcomp>
    return SafeString("".join([node.render_annotated(context) for node in self]))
  File "/Users/nikita/PycharmProjects/ekbDz/venv/lib/python3.10/site-packages/django/template/base.py", line 966, in render_annotated
    return self.render(context)
  File "/Users/nikita/PycharmProjects/ekbDz/venv/lib/python3.10/site-packages/django/template/loader_tags.py", line 197, in render
    template = context.template.engine.select_template(template_name)
  File "/Users/nikita/PycharmProjects/ekbDz/venv/lib/python3.10/site-packages/django/template/engine.py", line 206, in select_template
    return self.get_template(template_name)
  File "/Users/nikita/PycharmProjects/ekbDz/venv/lib/python3.10/site-packages/django/template/engine.py", line 175, in get_template
    template, origin = self.find_template(template_name)
  File "/Users/nikita/PycharmProjects/ekbDz/venv/lib/python3.10/site-packages/django/template/engine.py", line 157, in find_template
    template = loader.get_template(name, skip=skip)
  File "/Users/nikita/PycharmProjects/ekbDz/venv/lib/python3.10/site-packages/django/template/loaders/cached.py", line 57, in get_template
    template = super().get_template(template_name, skip)
  File "/Users/nikita/PycharmProjects/ekbDz/venv/lib/python3.10/site-packages/django/template/loaders/base.py", line 28, in get_template
    return Template(
  File "/Users/nikita/PycharmProjects/ekbDz/venv/lib/python3.10/site-packages/django/template/base.py", line 154, in __init__
    self.nodelist = self.compile_nodelist()
  File "/Users/nikita/PycharmProjects/ekbDz/venv/lib/python3.10/site-packages/django/template/base.py", line 200, in compile_nodelist
    return parser.parse()
  File "/Users/nikita/PycharmProjects/ekbDz/venv/lib/python3.10/site-packages/django/template/base.py", line 513, in parse
    raise self.error(token, e)
  File "/Users/nikita/PycharmProjects/ekbDz/venv/lib/python3.10/site-packages/django/template/base.py", line 511, in parse
    compiled_result = compile_func(self, token)
  File "/Users/nikita/PycharmProjects/ekbDz/venv/lib/python3.10/site-packages/django/template/defaulttags.py", line 953, in do_if
    nodelist = parser.parse(("elif", "else", "endif"))
  File "/Users/nikita/PycharmProjects/ekbDz/venv/lib/python3.10/site-packages/django/template/base.py", line 513, in parse
    raise self.error(token, e)
  File "/Users/nikita/PycharmProjects/ekbDz/venv/lib/python3.10/site-packages/django/template/base.py", line 511, in parse
    compiled_result = compile_func(self, token)
  File "/Users/nikita/PycharmProjects/ekbDz/venv/lib/python3.10/site-packages/django/template/defaulttags.py", line 853, in do_for
    nodelist_loop = parser.parse(
  File "/Users/nikita/PycharmProjects/ekbDz/venv/lib/python3.10/site-packages/django/template/base.py", line 484, in parse
    raise self.error(token, e)
  File "/Users/nikita/PycharmProjects/ekbDz/venv/lib/python3.10/site-packages/django/template/base.py", line 482, in parse
    filter_expression = self.compile_filter(token.contents)
  File "/Users/nikita/PycharmProjects/ekbDz/venv/lib/python3.10/site-packages/django/template/base.py", line 600, in compile_filter
    return FilterExpression(token, self)
  File "/Users/nikita/PycharmProjects/ekbDz/venv/lib/python3.10/site-packages/django/template/base.py", line 699, in __init__
    self.args_check(filter_name, filter_func, args)
  File "/Users/nikita/PycharmProjects/ekbDz/venv/lib/python3.10/site-packages/django/template/base.py", line 761, in args_check
    raise TemplateSyntaxError(
django.template.exceptions.TemplateSyntaxError: censor requires 2 arguments, 1 provided
[2023-09-17 13:18:57,260] ERROR "GET /category/1 HTTP/1.1" 500 259821 /Users/nikita/PycharmProjects/ekbDz/venv/lib/python3.10/site-packages/django/core/servers/basehttp.py
None
